android/app/build/intermediates/manifest_merge_blame_file/debug/manifest-merger-blame-debug-report.txt
1<?xml version="1.0" encoding="utf-8"?>
2<manifest xmlns:android="http://schemas.android.com/apk/res/android"
3    package="com.matchelitemuslim"
4    android:versionCode="1"
5    android:versionName="1.0" >
6
7    <uses-sdk
8        android:minSdkVersion="17"
9        android:targetSdkVersion="29" />
10
11    <uses-permission android:name="android.permission.SYSTEM_ALERT_WINDOW" />
11-->src\debug\AndroidManifest.xml:5:5-77
11-->src\debug\AndroidManifest.xml:5:22-75
12    <uses-permission android:name="android.permission.INTERNET" />
12-->src\main\AndroidManifest.xml:4:5-67
12-->src\main\AndroidManifest.xml:4:22-64
13    <uses-permission android:name="android.permission.RECORD_AUDIO" />
13-->src\main\AndroidManifest.xml:5:5-71
13-->src\main\AndroidManifest.xml:5:22-68
14    <uses-permission android:name="com.google.android.finsky.permission.BIND_GET_INSTALL_REFERRER_SERVICE" /> <!-- Required by older versions of Google Play services to create IID tokens -->
14-->[com.android.installreferrer:installreferrer:1.1.2] AndroidManifest.xml:9:5-110
14-->[com.android.installreferrer:installreferrer:1.1.2] AndroidManifest.xml:9:22-107
15    <uses-permission android:name="com.google.android.c2dm.permission.RECEIVE" />
15-->[com.google.android.gms:play-services-iid:17.0.0] AndroidManifest.xml:23:5-82
15-->[com.google.android.gms:play-services-iid:17.0.0] AndroidManifest.xml:23:22-79
16
17    <application
17-->src\main\AndroidManifest.xml:7:5-27:19
18        android:name="com.matchelitemuslim.MainApplication"
18-->src\main\AndroidManifest.xml:8:7-38
19        android:allowBackup="false"
19-->src\main\AndroidManifest.xml:12:7-34
20        android:appComponentFactory="androidx.core.app.CoreComponentFactory"
20-->[androidx.core:core:1.1.0] AndroidManifest.xml:24:18-86
21        android:debuggable="true"
22        android:icon="@mipmap/ic_launcher"
22-->src\main\AndroidManifest.xml:10:7-41
23        android:label="@string/app_name"
23-->src\main\AndroidManifest.xml:9:7-39
24        android:roundIcon="@mipmap/ic_launcher_round"
24-->src\main\AndroidManifest.xml:11:7-52
25        android:theme="@style/AppTheme"
25-->src\main\AndroidManifest.xml:13:7-38
26        android:usesCleartextTraffic="true" >
26-->src\main\AndroidManifest.xml:14:7-42
27        <activity
27-->src\main\AndroidManifest.xml:16:7-25:18
28            android:name="com.matchelitemuslim.MainActivity"
28-->src\main\AndroidManifest.xml:17:9-37
29            android:configChanges="keyboard|keyboardHidden|orientation|screenSize"
29-->src\main\AndroidManifest.xml:19:9-79
30            android:label="@string/app_name"
30-->src\main\AndroidManifest.xml:18:9-41
31            android:windowSoftInputMode="adjustResize" >
31-->src\main\AndroidManifest.xml:20:9-51
32            <intent-filter>
32-->src\main\AndroidManifest.xml:21:9-24:25
33                <action android:name="android.intent.action.MAIN" />
33-->src\main\AndroidManifest.xml:22:13-65
33-->src\main\AndroidManifest.xml:22:21-62
34
35                <category android:name="android.intent.category.LAUNCHER" />
35-->src\main\AndroidManifest.xml:23:13-73
35-->src\main\AndroidManifest.xml:23:23-70
36            </intent-filter>
37        </activity>
38        <activity android:name="com.facebook.react.devsupport.DevSettingsActivity" />
38-->src\main\AndroidManifest.xml:26:7-84
38-->src\main\AndroidManifest.xml:26:17-81
39        <activity
39-->[:tipsi-stripe] AndroidManifest.xml:12:9-16:75
40            android:name="com.gettipsi.stripe.OpenBrowserActivity"
40-->[:tipsi-stripe] AndroidManifest.xml:13:13-67
41            android:exported="false"
41-->[:tipsi-stripe] AndroidManifest.xml:14:13-37
42            android:launchMode="singleTask"
42-->[:tipsi-stripe] AndroidManifest.xml:15:13-44
43            android:theme="@android:style/Theme.Translucent.NoTitleBar" />
43-->[:tipsi-stripe] AndroidManifest.xml:16:13-72
44        <activity
44-->[:tipsi-stripe] AndroidManifest.xml:17:9-30:20
45            android:name="com.gettipsi.stripe.RedirectUriReceiver"
45-->[:tipsi-stripe] AndroidManifest.xml:18:13-67
46            android:exported="true"
46-->[:tipsi-stripe] AndroidManifest.xml:19:13-36
47            android:launchMode="singleTask"
47-->[:tipsi-stripe] AndroidManifest.xml:20:13-44
48            android:theme="@android:style/Theme.Translucent.NoTitleBar.Fullscreen" >
48-->[:tipsi-stripe] AndroidManifest.xml:21:13-83
49            <intent-filter>
49-->[:tipsi-stripe] AndroidManifest.xml:22:13-29:29
50                <action android:name="android.intent.action.VIEW" />
50-->[:tipsi-stripe] AndroidManifest.xml:23:17-69
50-->[:tipsi-stripe] AndroidManifest.xml:23:25-66
51
52                <category android:name="android.intent.category.DEFAULT" />
52-->[:tipsi-stripe] AndroidManifest.xml:25:17-76
52-->[:tipsi-stripe] AndroidManifest.xml:25:27-73
53                <category android:name="android.intent.category.BROWSABLE" />
53-->[:tipsi-stripe] AndroidManifest.xml:26:17-78
53-->[:tipsi-stripe] AndroidManifest.xml:26:27-75
54
55                <data android:scheme="example" />
55-->[:tipsi-stripe] AndroidManifest.xml:28:17-50
55-->[:tipsi-stripe] AndroidManifest.xml:28:23-47
56            </intent-filter>
57        </activity>
58
59        <receiver
59-->[:react-native-device-info] AndroidManifest.xml:13:9-21:20
60            android:name="com.learnium.RNDeviceInfo.RNDeviceReceiver"
60-->[:react-native-device-info] AndroidManifest.xml:14:13-70
61            android:enabled="true"
61-->[:react-native-device-info] AndroidManifest.xml:15:13-35
62            android:exported="true" >
62-->[:react-native-device-info] AndroidManifest.xml:16:13-36
63            <intent-filter>
63-->[:react-native-device-info] AndroidManifest.xml:18:13-20:29
64                <action android:name="com.android.vending.INSTALL_REFERRER" />
64-->[:react-native-device-info] AndroidManifest.xml:19:17-79
64-->[:react-native-device-info] AndroidManifest.xml:19:25-76
65            </intent-filter>
66        </receiver>
67
68        <provider
68-->[:react-native-webview] AndroidManifest.xml:12:9-20:20
69            android:name="com.reactnativecommunity.webview.RNCWebViewFileProvider"
69-->[:react-native-webview] AndroidManifest.xml:13:13-83
70            android:authorities="com.matchelitemuslim.fileprovider"
70-->[:react-native-webview] AndroidManifest.xml:14:13-64
71            android:exported="false"
71-->[:react-native-webview] AndroidManifest.xml:15:13-37
72            android:grantUriPermissions="true" >
72-->[:react-native-webview] AndroidManifest.xml:16:13-47
73            <meta-data
73-->[:react-native-webview] AndroidManifest.xml:17:13-19:63
74                android:name="android.support.FILE_PROVIDER_PATHS"
74-->[:react-native-webview] AndroidManifest.xml:18:17-67
75                android:resource="@xml/file_provider_paths" />
75-->[:react-native-webview] AndroidManifest.xml:19:17-60
76        </provider>
77
78        <activity
78-->[com.stripe:stripe-android:8.1.0] AndroidManifest.xml:12:9-16:20
79            android:name="com.stripe.android.view.AddSourceActivity"
79-->[com.stripe:stripe-android:8.1.0] AndroidManifest.xml:13:13-69
80            android:theme="@style/StripeDefaultTheme"
80-->[com.stripe:stripe-android:8.1.0] AndroidManifest.xml:14:13-54
81            android:windowSoftInputMode="stateVisible" >
81-->[com.stripe:stripe-android:8.1.0] AndroidManifest.xml:15:13-55
82        </activity>
83        <activity
83-->[com.stripe:stripe-android:8.1.0] AndroidManifest.xml:17:9-20:20
84            android:name="com.stripe.android.view.PaymentMethodsActivity"
84-->[com.stripe:stripe-android:8.1.0] AndroidManifest.xml:18:13-74
85            android:theme="@style/StripeDefaultTheme" >
85-->[com.stripe:stripe-android:8.1.0] AndroidManifest.xml:19:13-54
86        </activity>
87        <activity
87-->[com.stripe:stripe-android:8.1.0] AndroidManifest.xml:21:9-24:20
88            android:name="com.stripe.android.view.PaymentFlowActivity"
88-->[com.stripe:stripe-android:8.1.0] AndroidManifest.xml:22:13-71
89            android:theme="@style/StripeDefaultTheme" >
89-->[com.stripe:stripe-android:8.1.0] AndroidManifest.xml:23:13-54
90        </activity>
91        <activity
91-->[com.google.android.gms:play-services-base:17.0.0] AndroidManifest.xml:23:9-26:75
92            android:name="com.google.android.gms.common.api.GoogleApiActivity"
92-->[com.google.android.gms:play-services-base:17.0.0] AndroidManifest.xml:24:13-79
93            android:exported="false"
93-->[com.google.android.gms:play-services-base:17.0.0] AndroidManifest.xml:25:13-37
94            android:theme="@android:style/Theme.Translucent.NoTitleBar" />
94-->[com.google.android.gms:play-services-base:17.0.0] AndroidManifest.xml:26:13-72
95
96        <meta-data
96-->[com.google.android.gms:play-services-basement:17.0.0] AndroidManifest.xml:23:9-25:69
97            android:name="com.google.android.gms.version"
97-->[com.google.android.gms:play-services-basement:17.0.0] AndroidManifest.xml:24:13-58
98            android:value="@integer/google_play_services_version" />
98-->[com.google.android.gms:play-services-basement:17.0.0] AndroidManifest.xml:25:13-66
99    </application>
100
101</manifest>